=== Sensor Tower Daily Scrape ===
Timestamp: 2026-03-27 11:00:00 CST
Date: 2026-03-27
Fetching game_taxonomy/stats...
Fetching game_taxonomy/ip_media_type_hierarchy...
Fetching unified/internal_entities...
Generating daily summary...
=== Sensor Tower Daily Summary — 2026-03-27 ===
Generated: 2026-03-27 11:00:05

## Top Categories by Downloads (Unified)
  5080: 2,139,184
  6010: 1,285,934
  1000010: 1,058,799
  3000040: 1,030,424
  2000040: 1,030,255
  2000060: 844,356
  6030: 738,109
  5090: 734,856
  1000: 720,611
  3000030: 681,955
  8025: 671,966
  1001: 505,661
  4000820: 358,747
  1000060: 342,004
  100104: 339,457

## IP Types by App Count
  Animated Film: 265 apps
  Animated Television: 731 apps
  Anime / Manga: 1108 apps
  Board Game: 286 apps
  Books: 251 apps
  Casino: 166 apps
  Celebrity: 266 apps
  Comics: 327 apps
  Film: 238 apps
  Food: 2 apps
  Sports: 556 apps
  Television: 424 apps
  Toys: 439 apps
  Videogame: 1970 apps

## Internal Entities
  Apps tracked: 0
  Publishers: 0

=== End of Summary ===

Saved to /Users/shadow/.openclaw/workspace/memory/st-daily/2026-03-27.md

Scrape complete.

=== Daily Summary ===
=== Sensor Tower Daily Summary — 2026-03-27 ===
Generated: 2026-03-27 11:00:05

## Top Categories by Downloads (Unified)
  5080: 2,139,184
  6010: 1,285,934
  1000010: 1,058,799
  3000040: 1,030,424
  2000040: 1,030,255
  2000060: 844,356
  6030: 738,109
  5090: 734,856
  1000: 720,611
  3000030: 681,955
  8025: 671,966
  1001: 505,661
  4000820: 358,747
  1000060: 342,004
  100104: 339,457

## IP Types by App Count
  Animated Film: 265 apps
  Animated Television: 731 apps
  Anime / Manga: 1108 apps
  Board Game: 286 apps
  Books: 251 apps
  Casino: 166 apps
  Celebrity: 266 apps
  Comics: 327 apps
  Film: 238 apps
  Food: 2 apps
  Sports: 556 apps
  Television: 424 apps
  Toys: 439 apps
  Videogame: 1970 apps

## Internal Entities
  Apps tracked: 0
  Publishers: 0

=== End of Summary ===
=== DONE: 2026-03-27 11:00:00 CST ===
=== Sensor Tower Daily Scrape ===
Timestamp: 2026-03-28 11:08:32 CST
Date: 2026-03-28
Fetching game_taxonomy/stats...
Fetching game_taxonomy/ip_media_type_hierarchy...
Fetching unified/internal_entities...
Generating daily summary...
=== Sensor Tower Daily Summary — 2026-03-28 ===
Generated: 2026-03-28 11:29:35

## Top Categories by Downloads (Unified)
  5080: 2,139,111
  6010: 1,285,874
  1000010: 1,058,762
  3000040: 1,030,367
  2000040: 1,030,224
  2000060: 844,293
  6030: 738,081
  5090: 734,897
  1000: 720,559
  3000030: 681,938
  8025: 671,930
  1001: 505,658
  4000820: 358,724
  1000060: 341,987
  100104: 339,456

ip_media parse error: Expecting value: line 2 column 1 (char 1)

## Internal Entities
  Apps tracked: 0
  Publishers: 0

=== End of Summary ===

Saved to /Users/shadow/.openclaw/workspace/memory/st-daily/2026-03-28.md

Scrape complete.

=== Daily Summary ===
=== Sensor Tower Daily Summary — 2026-03-28 ===
Generated: 2026-03-28 11:29:35

## Top Categories by Downloads (Unified)
  5080: 2,139,111
  6010: 1,285,874
  1000010: 1,058,762
  3000040: 1,030,367
  2000040: 1,030,224
  2000060: 844,293
  6030: 738,081
  5090: 734,897
  1000: 720,559
  3000030: 681,938
  8025: 671,930
  1001: 505,658
  4000820: 358,724
  1000060: 341,987
  100104: 339,456

ip_media parse error: Expecting value: line 2 column 1 (char 1)

## Internal Entities
  Apps tracked: 0
  Publishers: 0

=== End of Summary ===
=== DONE: 2026-03-28 11:08:32 CST ===
Traceback (most recent call last):
  File "<stdin>", line 7, in <module>
FileNotFoundError: [Errno 2] No such file or directory: ''
=== Sensor Tower Daily Scrape ===
Timestamp: 2026-03-30 11:00:00 CST
Date: 2026-03-30
Fetching game_taxonomy/stats...
Fetching game_taxonomy/ip_media_type_hierarchy...
Fetching unified/internal_entities...
Generating daily summary...
=== Sensor Tower Daily Summary — 2026-03-30 ===
Generated: 2026-03-30 11:00:05

## Top Categories by Downloads (Unified)
  5080: 2,139,111
  6010: 1,285,872
  1000010: 1,058,761
  3000040: 1,030,365
  2000040: 1,030,224
  2000060: 844,291
  6030: 738,081
  5090: 734,905
  1000: 720,558
  3000030: 681,938
  8025: 671,929
  1001: 505,658
  4000820: 358,722
  1000060: 341,987
  100104: 339,456

## IP Types by App Count
  Animated Film: 265 apps
  Animated Television: 731 apps
  Anime / Manga: 1110 apps
  Board Game: 286 apps
  Books: 251 apps
  Casino: 166 apps
  Celebrity: 266 apps
  Comics: 327 apps
  Film: 238 apps
  Food: 2 apps
  Sports: 556 apps
  Television: 424 apps
  Toys: 439 apps
  Videogame: 1978 apps

## Internal Entities
  Apps tracked: 0
  Publishers: 0

=== End of Summary ===

Saved to /Users/shadow/.openclaw/workspace/memory/st-daily/2026-03-30.md

Scrape complete.

=== Daily Summary ===
=== Sensor Tower Daily Summary — 2026-03-30 ===
Generated: 2026-03-30 11:00:05

## Top Categories by Downloads (Unified)
  5080: 2,139,111
  6010: 1,285,872
  1000010: 1,058,761
  3000040: 1,030,365
  2000040: 1,030,224
  2000060: 844,291
  6030: 738,081
  5090: 734,905
  1000: 720,558
  3000030: 681,938
  8025: 671,929
  1001: 505,658
  4000820: 358,722
  1000060: 341,987
  100104: 339,456

## IP Types by App Count
  Animated Film: 265 apps
  Animated Television: 731 apps
  Anime / Manga: 1110 apps
  Board Game: 286 apps
  Books: 251 apps
  Casino: 166 apps
  Celebrity: 266 apps
  Comics: 327 apps
  Film: 238 apps
  Food: 2 apps
  Sports: 556 apps
  Television: 424 apps
  Toys: 439 apps
  Videogame: 1978 apps

## Internal Entities
  Apps tracked: 0
  Publishers: 0

=== End of Summary ===
=== DONE: 2026-03-30 11:00:00 CST ===
Traceback (most recent call last):
  File "<stdin>", line 7, in <module>
FileNotFoundError: [Errno 2] No such file or directory: ''
=== Sensor Tower Daily Scrape ===
Timestamp: 2026-03-31 11:00:00 CST
Date: 2026-03-31
Fetching game_taxonomy/stats...
Fetching game_taxonomy/ip_media_type_hierarchy...
Fetching unified/internal_entities...
Generating daily summary...
=== Sensor Tower Daily Summary — 2026-03-31 ===
Generated: 2026-03-31 11:00:06

## Top Categories by Downloads (Unified)
  5080: 2,139,102
  6010: 1,287,117
  1000010: 1,059,798
  3000040: 1,032,400
  2000040: 1,031,097
  2000060: 845,761
  6030: 739,269
  5090: 734,912
  1000: 721,724
  3000030: 682,161
  8025: 673,017
  1001: 506,140
  4000820: 359,327
  1000060: 342,562
  100104: 339,645

## IP Types by App Count
  Animated Film: 265 apps
  Animated Television: 731 apps
  Anime / Manga: 1111 apps
  Board Game: 286 apps
  Books: 251 apps
  Casino: 166 apps
  Celebrity: 266 apps
  Comics: 327 apps
  Film: 238 apps
  Food: 2 apps
  Sports: 556 apps
  Television: 424 apps
  Toys: 439 apps
  Videogame: 1978 apps

## Internal Entities
  Apps tracked: 0
  Publishers: 0

=== End of Summary ===

Saved to /Users/shadow/.openclaw/workspace/memory/st-daily/2026-03-31.md

Scrape complete.

=== Daily Summary ===
=== Sensor Tower Daily Summary — 2026-03-31 ===
Generated: 2026-03-31 11:00:06

## Top Categories by Downloads (Unified)
  5080: 2,139,102
  6010: 1,287,117
  1000010: 1,059,798
  3000040: 1,032,400
  2000040: 1,031,097
  2000060: 845,761
  6030: 739,269
  5090: 734,912
  1000: 721,724
  3000030: 682,161
  8025: 673,017
  1001: 506,140
  4000820: 359,327
  1000060: 342,562
  100104: 339,645

## IP Types by App Count
  Animated Film: 265 apps
  Animated Television: 731 apps
  Anime / Manga: 1111 apps
  Board Game: 286 apps
  Books: 251 apps
  Casino: 166 apps
  Celebrity: 266 apps
  Comics: 327 apps
  Film: 238 apps
  Food: 2 apps
  Sports: 556 apps
  Television: 424 apps
  Toys: 439 apps
  Videogame: 1978 apps

## Internal Entities
  Apps tracked: 0
  Publishers: 0

=== End of Summary ===
=== DONE: 2026-03-31 11:00:00 CST ===
Traceback (most recent call last):
  File "<stdin>", line 7, in <module>
FileNotFoundError: [Errno 2] No such file or directory: ''
=== Sensor Tower Daily Scrape ===
Timestamp: 2026-04-01 11:00:01 CST
Date: 2026-04-01
Fetching game_taxonomy/stats...
Fetching game_taxonomy/ip_media_type_hierarchy...
Fetching unified/internal_entities...
Generating daily summary...
=== Sensor Tower Daily Summary — 2026-04-01 ===
Generated: 2026-04-01 11:00:06

## Top Categories by Downloads (Unified)
  5080: 2,141,622
  6010: 1,287,101
  1000010: 1,059,785
  3000040: 1,032,382
  2000040: 1,031,086
  2000060: 845,741
  6030: 739,259
  5090: 735,918
  1000: 721,712
  3000030: 682,152
  8025: 673,002
  1001: 506,136
  4000820: 359,319
  1000060: 342,558
  100104: 339,643

## IP Types by App Count
  Animated Film: 265 apps
  Animated Television: 731 apps
  Anime / Manga: 1111 apps
  Board Game: 286 apps
  Books: 251 apps
  Casino: 166 apps
  Celebrity: 266 apps
  Comics: 327 apps
  Film: 238 apps
  Food: 2 apps
  Sports: 556 apps
  Television: 424 apps
  Toys: 439 apps
  Videogame: 1978 apps

## Internal Entities
  Apps tracked: 0
  Publishers: 0

=== End of Summary ===

Saved to /Users/shadow/.openclaw/workspace/memory/st-daily/2026-04-01.md

Scrape complete.

=== Daily Summary ===
=== Sensor Tower Daily Summary — 2026-04-01 ===
Generated: 2026-04-01 11:00:06

## Top Categories by Downloads (Unified)
  5080: 2,141,622
  6010: 1,287,101
  1000010: 1,059,785
  3000040: 1,032,382
  2000040: 1,031,086
  2000060: 845,741
  6030: 739,259
  5090: 735,918
  1000: 721,712
  3000030: 682,152
  8025: 673,002
  1001: 506,136
  4000820: 359,319
  1000060: 342,558
  100104: 339,643

## IP Types by App Count
  Animated Film: 265 apps
  Animated Television: 731 apps
  Anime / Manga: 1111 apps
  Board Game: 286 apps
  Books: 251 apps
  Casino: 166 apps
  Celebrity: 266 apps
  Comics: 327 apps
  Film: 238 apps
  Food: 2 apps
  Sports: 556 apps
  Television: 424 apps
  Toys: 439 apps
  Videogame: 1978 apps

## Internal Entities
  Apps tracked: 0
  Publishers: 0

=== End of Summary ===
=== DONE: 2026-04-01 11:00:01 CST ===
Traceback (most recent call last):
  File "<stdin>", line 7, in <module>
FileNotFoundError: [Errno 2] No such file or directory: ''
=== Sensor Tower Daily Scrape ===
Timestamp: 2026-04-02 11:00:00 CST
Date: 2026-04-02
Fetching game_taxonomy/stats...
Fetching game_taxonomy/ip_media_type_hierarchy...
Fetching unified/internal_entities...
Generating daily summary...
=== Sensor Tower Daily Summary — 2026-04-02 ===
Generated: 2026-04-02 11:00:06

## Top Categories by Downloads (Unified)
  5080: 2,141,514
  6010: 1,287,065
  1000010: 1,059,750
  3000040: 1,032,324
  2000040: 1,031,062
  2000060: 845,683
  6030: 739,213
  5090: 735,861
  1000: 721,679
  3000030: 682,130
  8025: 672,952
  1001: 506,123
  4000820: 359,299
  1000060: 342,546
  100104: 339,638

## IP Types by App Count
  Animated Film: 265 apps
  Animated Television: 731 apps
  Anime / Manga: 1109 apps
  Board Game: 284 apps
  Books: 251 apps
  Casino: 166 apps
  Celebrity: 266 apps
  Comics: 327 apps
  Film: 238 apps
  Food: 2 apps
  Sports: 556 apps
  Television: 424 apps
  Toys: 439 apps
  Videogame: 1977 apps

## Internal Entities
  Apps tracked: 0
  Publishers: 0

=== End of Summary ===

Saved to /Users/shadow/.openclaw/workspace/memory/st-daily/2026-04-02.md

Scrape complete.

=== Daily Summary ===
=== Sensor Tower Daily Summary — 2026-04-02 ===
Generated: 2026-04-02 11:00:06

## Top Categories by Downloads (Unified)
  5080: 2,141,514
  6010: 1,287,065
  1000010: 1,059,750
  3000040: 1,032,324
  2000040: 1,031,062
  2000060: 845,683
  6030: 739,213
  5090: 735,861
  1000: 721,679
  3000030: 682,130
  8025: 672,952
  1001: 506,123
  4000820: 359,299
  1000060: 342,546
  100104: 339,638

## IP Types by App Count
  Animated Film: 265 apps
  Animated Television: 731 apps
  Anime / Manga: 1109 apps
  Board Game: 284 apps
  Books: 251 apps
  Casino: 166 apps
  Celebrity: 266 apps
  Comics: 327 apps
  Film: 238 apps
  Food: 2 apps
  Sports: 556 apps
  Television: 424 apps
  Toys: 439 apps
  Videogame: 1977 apps

## Internal Entities
  Apps tracked: 0
  Publishers: 0

=== End of Summary ===
=== DONE: 2026-04-02 11:00:00 CST ===
Traceback (most recent call last):
  File "<stdin>", line 7, in <module>
FileNotFoundError: [Errno 2] No such file or directory: ''
=== Sensor Tower Daily Scrape ===
Timestamp: 2026-04-03 11:00:00 CST
Date: 2026-04-03
Fetching game_taxonomy/stats...
Fetching game_taxonomy/ip_media_type_hierarchy...
Fetching unified/internal_entities...
Generating daily summary...
=== Sensor Tower Daily Summary — 2026-04-03 ===
Generated: 2026-04-03 11:00:06

## Top Categories by Downloads (Unified)
  5080: 2,141,516
  6010: 1,287,066
  1000010: 1,059,751
  3000040: 1,032,327
  2000040: 1,031,062
  2000060: 845,686
  6030: 739,216
  5090: 735,872
  1000: 721,682
  3000030: 682,131
  8025: 672,951
  1001: 506,123
  4000820: 359,299
  1000060: 342,547
  100104: 339,638

## IP Types by App Count
  Animated Film: 265 apps
  Animated Television: 731 apps
  Anime / Manga: 1109 apps
  Board Game: 284 apps
  Books: 251 apps
  Casino: 166 apps
  Celebrity: 266 apps
  Comics: 327 apps
  Film: 238 apps
  Food: 2 apps
  Sports: 556 apps
  Television: 424 apps
  Toys: 439 apps
  Videogame: 1977 apps

## Internal Entities
  Apps tracked: 0
  Publishers: 0

=== End of Summary ===

Saved to /Users/shadow/.openclaw/workspace/memory/st-daily/2026-04-03.md

Scrape complete.

=== Daily Summary ===
=== Sensor Tower Daily Summary — 2026-04-03 ===
Generated: 2026-04-03 11:00:06

## Top Categories by Downloads (Unified)
  5080: 2,141,516
  6010: 1,287,066
  1000010: 1,059,751
  3000040: 1,032,327
  2000040: 1,031,062
  2000060: 845,686
  6030: 739,216
  5090: 735,872
  1000: 721,682
  3000030: 682,131
  8025: 672,951
  1001: 506,123
  4000820: 359,299
  1000060: 342,547
  100104: 339,638

## IP Types by App Count
  Animated Film: 265 apps
  Animated Television: 731 apps
  Anime / Manga: 1109 apps
  Board Game: 284 apps
  Books: 251 apps
  Casino: 166 apps
  Celebrity: 266 apps
  Comics: 327 apps
  Film: 238 apps
  Food: 2 apps
  Sports: 556 apps
  Television: 424 apps
  Toys: 439 apps
  Videogame: 1977 apps

## Internal Entities
  Apps tracked: 0
  Publishers: 0

=== End of Summary ===
=== DONE: 2026-04-03 11:00:00 CST ===
Traceback (most recent call last):
  File "<stdin>", line 7, in <module>
FileNotFoundError: [Errno 2] No such file or directory: ''
=== Sensor Tower Daily Scrape ===
Timestamp: 2026-04-07 11:00:01 CST
Date: 2026-04-07
Fetching game_taxonomy/stats...
Fetching game_taxonomy/ip_media_type_hierarchy...
Fetching unified/internal_entities...
Generating daily summary...
=== Sensor Tower Daily Summary — 2026-04-07 ===
Generated: 2026-04-07 11:00:07

## Top Categories by Downloads (Unified)
  5080: 2,141,578
  6010: 1,287,779
  1000010: 1,059,754
  3000040: 1,032,348
  2000040: 1,031,076
  2000060: 845,689
  6030: 739,747
  5090: 735,944
  1000: 722,213
  3000030: 682,144
  8025: 672,987
  1001: 506,363
  4000820: 359,297
  1000060: 342,547
  100104: 339,715

## IP Types by App Count
  Animated Film: 265 apps
  Animated Television: 731 apps
  Anime / Manga: 1115 apps
  Board Game: 288 apps
  Books: 251 apps
  Casino: 166 apps
  Celebrity: 266 apps
  Comics: 327 apps
  Film: 238 apps
  Food: 2 apps
  Sports: 560 apps
  Television: 424 apps
  Toys: 439 apps
  Videogame: 1994 apps

## Internal Entities
  Apps tracked: 0
  Publishers: 0

=== End of Summary ===

Saved to /Users/shadow/.openclaw/workspace/memory/st-daily/2026-04-07.md

Scrape complete.

=== Daily Summary ===
=== Sensor Tower Daily Summary — 2026-04-07 ===
Generated: 2026-04-07 11:00:07

## Top Categories by Downloads (Unified)
  5080: 2,141,578
  6010: 1,287,779
  1000010: 1,059,754
  3000040: 1,032,348
  2000040: 1,031,076
  2000060: 845,689
  6030: 739,747
  5090: 735,944
  1000: 722,213
  3000030: 682,144
  8025: 672,987
  1001: 506,363
  4000820: 359,297
  1000060: 342,547
  100104: 339,715

## IP Types by App Count
  Animated Film: 265 apps
  Animated Television: 731 apps
  Anime / Manga: 1115 apps
  Board Game: 288 apps
  Books: 251 apps
  Casino: 166 apps
  Celebrity: 266 apps
  Comics: 327 apps
  Film: 238 apps
  Food: 2 apps
  Sports: 560 apps
  Television: 424 apps
  Toys: 439 apps
  Videogame: 1994 apps

## Internal Entities
  Apps tracked: 0
  Publishers: 0

=== End of Summary ===
=== DONE: 2026-04-07 11:00:01 CST ===
Traceback (most recent call last):
  File "<stdin>", line 7, in <module>
FileNotFoundError: [Errno 2] No such file or directory: ''
=== Sensor Tower Daily Scrape ===
Timestamp: 2026-04-08 11:00:01 CST
Date: 2026-04-08
Fetching game_taxonomy/stats...
Fetching game_taxonomy/ip_media_type_hierarchy...
Fetching unified/internal_entities...
Generating daily summary...
=== Sensor Tower Daily Summary — 2026-04-08 ===
Generated: 2026-04-08 11:00:07

## Top Categories by Downloads (Unified)
  5080: 2,141,581
  6010: 1,287,775
  1000010: 1,060,268
  3000040: 1,033,326
  2000040: 1,031,525
  2000060: 846,404
  6030: 739,747
  5090: 735,949
  1000: 722,210
  3000030: 682,300
  8025: 673,518
  1001: 506,363
  4000820: 359,296
  1000060: 342,819
  100104: 339,715

## IP Types by App Count
  Animated Film: 265 apps
  Animated Television: 731 apps
  Anime / Manga: 1115 apps
  Board Game: 288 apps
  Books: 251 apps
  Casino: 166 apps
  Celebrity: 266 apps
  Comics: 327 apps
  Film: 238 apps
  Food: 2 apps
  Sports: 560 apps
  Television: 424 apps
  Toys: 439 apps
  Videogame: 1994 apps

## Internal Entities
  Apps tracked: 0
  Publishers: 0

=== End of Summary ===

Saved to /Users/shadow/.openclaw/workspace/memory/st-daily/2026-04-08.md

Scrape complete.

=== Daily Summary ===
=== Sensor Tower Daily Summary — 2026-04-08 ===
Generated: 2026-04-08 11:00:07

## Top Categories by Downloads (Unified)
  5080: 2,141,581
  6010: 1,287,775
  1000010: 1,060,268
  3000040: 1,033,326
  2000040: 1,031,525
  2000060: 846,404
  6030: 739,747
  5090: 735,949
  1000: 722,210
  3000030: 682,300
  8025: 673,518
  1001: 506,363
  4000820: 359,296
  1000060: 342,819
  100104: 339,715

## IP Types by App Count
  Animated Film: 265 apps
  Animated Television: 731 apps
  Anime / Manga: 1115 apps
  Board Game: 288 apps
  Books: 251 apps
  Casino: 166 apps
  Celebrity: 266 apps
  Comics: 327 apps
  Film: 238 apps
  Food: 2 apps
  Sports: 560 apps
  Television: 424 apps
  Toys: 439 apps
  Videogame: 1994 apps

## Internal Entities
  Apps tracked: 0
  Publishers: 0

=== End of Summary ===
=== DONE: 2026-04-08 11:00:01 CST ===
Traceback (most recent call last):
  File "<stdin>", line 7, in <module>
FileNotFoundError: [Errno 2] No such file or directory: ''
=== Sensor Tower Daily Scrape ===
Timestamp: 2026-04-09 11:00:00 CST
Date: 2026-04-09
Fetching game_taxonomy/stats...
Fetching game_taxonomy/ip_media_type_hierarchy...
Fetching unified/internal_entities...
Generating daily summary...
=== Sensor Tower Daily Summary — 2026-04-09 ===
Generated: 2026-04-09 11:01:19

taxonomy_stats parse error: Expecting value: line 2 column 1 (char 1)

ip_media parse error: Expecting value: line 2 column 1 (char 1)

## Internal Entities
  Apps tracked: 0
  Publishers: 0

=== End of Summary ===

Saved to /Users/shadow/.openclaw/workspace/memory/st-daily/2026-04-09.md

Scrape complete.

=== Daily Summary ===
=== Sensor Tower Daily Summary — 2026-04-09 ===
Generated: 2026-04-09 11:01:19

taxonomy_stats parse error: Expecting value: line 2 column 1 (char 1)

ip_media parse error: Expecting value: line 2 column 1 (char 1)

## Internal Entities
  Apps tracked: 0
  Publishers: 0

=== End of Summary ===
=== DONE: 2026-04-09 11:00:00 CST ===
Traceback (most recent call last):
  File "<stdin>", line 7, in <module>
FileNotFoundError: [Errno 2] No such file or directory: ''
=== Sensor Tower Daily Scrape ===
Timestamp: 2026-04-10 11:00:00 CST
Date: 2026-04-10
Fetching game_taxonomy/stats...
Fetching game_taxonomy/ip_media_type_hierarchy...
Fetching unified/internal_entities...
Generating daily summary...
=== Sensor Tower Daily Summary — 2026-04-10 ===
Generated: 2026-04-10 11:01:20

taxonomy_stats parse error: Expecting value: line 2 column 1 (char 1)

## IP Types by App Count
  Animated Film: 265 apps
  Animated Television: 731 apps
  Anime / Manga: 1115 apps
  Board Game: 288 apps
  Books: 251 apps
  Casino: 166 apps
  Celebrity: 266 apps
  Comics: 327 apps
  Film: 238 apps
  Food: 2 apps
  Sports: 560 apps
  Television: 424 apps
  Toys: 439 apps
  Videogame: 1994 apps

## Internal Entities
  Apps tracked: 0
  Publishers: 0

=== End of Summary ===

Saved to /Users/shadow/.openclaw/workspace/memory/st-daily/2026-04-10.md

Scrape complete.

=== Daily Summary ===
=== Sensor Tower Daily Summary — 2026-04-10 ===
Generated: 2026-04-10 11:01:20

taxonomy_stats parse error: Expecting value: line 2 column 1 (char 1)

## IP Types by App Count
  Animated Film: 265 apps
  Animated Television: 731 apps
  Anime / Manga: 1115 apps
  Board Game: 288 apps
  Books: 251 apps
  Casino: 166 apps
  Celebrity: 266 apps
  Comics: 327 apps
  Film: 238 apps
  Food: 2 apps
  Sports: 560 apps
  Television: 424 apps
  Toys: 439 apps
  Videogame: 1994 apps

## Internal Entities
  Apps tracked: 0
  Publishers: 0

=== End of Summary ===
=== DONE: 2026-04-10 11:00:00 CST ===
Traceback (most recent call last):
  File "<stdin>", line 7, in <module>
FileNotFoundError: [Errno 2] No such file or directory: ''
=== Sensor Tower Daily Scrape ===
Timestamp: 2026-04-13 11:00:00 CST
Date: 2026-04-13
Fetching game_taxonomy/stats...
Fetching game_taxonomy/ip_media_type_hierarchy...
Fetching unified/internal_entities...
Generating daily summary...
=== Sensor Tower Daily Summary — 2026-04-13 ===
Generated: 2026-04-13 11:00:05

## Top Categories by Downloads (Unified)
  5080: 2,141,032
  6010: 1,287,283
  1000010: 1,060,090
  3000040: 1,033,053
  2000040: 1,031,280
  2000060: 846,059
  6030: 739,589
  5090: 735,821
  1000: 722,019
  3000030: 681,975
  8025: 673,405
  1001: 506,311
  4000820: 359,177
  1000060: 342,583
  100104: 339,696

## IP Types by App Count
  Animated Film: 266 apps
  Animated Television: 732 apps
  Anime / Manga: 1115 apps
  Board Game: 288 apps
  Books: 251 apps
  Casino: 166 apps
  Celebrity: 266 apps
  Comics: 327 apps
  Film: 238 apps
  Food: 2 apps
  Sports: 560 apps
  Television: 424 apps
  Toys: 439 apps
  Videogame: 1994 apps

## Internal Entities
  Apps tracked: 0
  Publishers: 0

=== End of Summary ===

Saved to /Users/shadow/.openclaw/workspace/memory/st-daily/2026-04-13.md

Scrape complete.

=== Daily Summary ===
=== Sensor Tower Daily Summary — 2026-04-13 ===
Generated: 2026-04-13 11:00:05

## Top Categories by Downloads (Unified)
  5080: 2,141,032
  6010: 1,287,283
  1000010: 1,060,090
  3000040: 1,033,053
  2000040: 1,031,280
  2000060: 846,059
  6030: 739,589
  5090: 735,821
  1000: 722,019
  3000030: 681,975
  8025: 673,405
  1001: 506,311
  4000820: 359,177
  1000060: 342,583
  100104: 339,696

## IP Types by App Count
  Animated Film: 266 apps
  Animated Television: 732 apps
  Anime / Manga: 1115 apps
  Board Game: 288 apps
  Books: 251 apps
  Casino: 166 apps
  Celebrity: 266 apps
  Comics: 327 apps
  Film: 238 apps
  Food: 2 apps
  Sports: 560 apps
  Television: 424 apps
  Toys: 439 apps
  Videogame: 1994 apps

## Internal Entities
  Apps tracked: 0
  Publishers: 0

=== End of Summary ===
=== DONE: 2026-04-13 11:00:00 CST ===
Traceback (most recent call last):
  File "<stdin>", line 7, in <module>
FileNotFoundError: [Errno 2] No such file or directory: ''
